<?xml version="1.0" encoding="UTF-8"?>
<testsuite name="StreamTest" tests="1" skipped="0" failures="0" errors="0" timestamp="2024-01-22T04:59:38" hostname="DESKTOP-PSLIUVD" time="0.188">
  <properties/>
  <testcase name="퀴즈 5-2" classname="StreamTest" time="0.188"/>
  <system-out><![CDATA[]]></system-out>
  <system-err><![CDATA[]]></system-err>
</testsuite>
